20240916	04:56:45	8698e35e-2b85-450e-99be-0418511a1880	GET	/users	undefined
20240916	04:59:46	c71a2d55-b7a9-4a4d-b39f-2ecb74d678da	GET	/users	undefined
20240916	05:00:57	2c3c56cb-c453-49a1-a1d5-2831c3604ba6	GET	/users	undefined
20240916	05:13:08	cc7a7012-3421-454f-ab66-9424a040ce48	GET	/users	undefined
20240916	05:18:55	5349a80f-88be-41db-8915-6994b8c6fcd1	GET	/users	undefined
20240916	05:19:13	5c9408ff-1745-4d17-a18a-4921de7d1e64	GET	/users	undefined
20240916	05:27:24	59a0ce50-a238-4684-9aff-3395d0d88a14	GET	/users	undefined
20240916	05:29:16	ad240bb8-d906-4ff4-9773-61cbfb4f5d75	GET	/users	undefined
20240916	05:43:39	cfe2e3a7-5bfb-4de5-beff-8cb4f581358b	GET	/users	undefined
20240916	05:44:10	febe2c7b-3f6a-4e09-a6cd-3dbb7be2b931	GET	/	undefined
20240916	05:46:29	e7f7c681-773e-4915-b496-0dea8c6940b6	GET	/users	undefined
20240916	05:46:32	bc941c9a-1a1a-46c2-8b5a-3b5676c0c7df	GET	/users	undefined
20240916	05:47:58	20fa939f-1761-4690-b07a-c89f94528039	GET	/users	undefined
20240916	05:48:44	78419985-1ad3-4e3d-8ee1-2e981e6798cc	GET	/users	undefined
20240916	05:50:03	353e904f-8458-4b67-964e-2d278eafbc55	GET	/users	undefined
20240916	05:51:00	1c929ff8-b280-4567-a590-b25dba3b17fc	GET	/users	undefined
20240916	05:53:09	1f7fbe96-e776-4d56-b519-e51adff3648c	GET	/users	undefined
20240916	06:07:54	d4626539-6adf-43f1-8b1c-ad12ad863445	GET	/users	undefined
20240916	06:13:42	a8707cf2-d1bc-483f-b40a-af518485672e	GET	/users	undefined
20240916	06:13:50	b3006260-f1cd-47bd-bb61-3d6a061a98a9	GET	/users	undefined
20240916	06:15:51	c7d2162a-c466-4cd7-be3e-acffec4c1ac2	GET	/users	undefined
20240916	06:17:32	a3e4a5f5-d459-4d39-9c78-ee3af84b49af	GET	/users	undefined
20240916	06:22:32	d0a154e4-ec77-4c81-9017-ff03cf698751	GET	/users	undefined
20240916	06:22:46	70f0dd74-f319-4a76-8052-c64fd7b0f8bf	GET	/users	undefined
20240916	06:23:02	50b8a82b-1cb0-46bf-82ab-ec4f6dd575bb	GET	/users	undefined
20240916	06:23:15	65a48bde-dcd9-493d-8b81-b54f5ae59788	GET	/users	undefined
20240916	06:29:34	c25177eb-7902-470d-8fd2-96e78a9c5322	GET	/users	undefined
20240916	06:30:34	ecb3bb21-b84d-48c7-9474-5971048d5147	POST	/users	undefined
20240916	06:30:40	40abad6a-692a-4af4-b2f4-f6626ef8bfb6	PATCH	/users	undefined
20240916	06:30:46	8e69434a-4ec7-414b-932a-41201d698758	DELETE	/users	undefined
20240916	06:31:31	6c1cef58-942d-4666-8fbc-0003de487580	GET	/users	undefined
20240916	06:31:45	82488e94-93e7-4b39-9c99-4bdb4f31e60a	GET	/users	undefined
20240916	06:32:20	448ba415-7014-4a9a-bf41-d543d1026832	GET	/users	undefined
20240916	06:32:39	78f8df10-b0a4-42e9-ae12-89cf8a49d6a4	GET	/users	undefined
20240916	06:33:15	48a60571-fee4-48a2-96ec-56e126f006e1	GET	/users	undefined
20240916	06:33:24	a66d62b7-4502-44e2-95ed-eaac1b24024c	GET	/users	undefined
20240916	06:33:51	4f928e3f-be5b-404f-87c3-e764d813fd97	GET	/users	undefined
20240916	06:34:15	e8f8e8af-163c-4628-885d-7fa62c090bf5	GET	/users	undefined
20240916	06:34:52	1d71e276-6693-4ff7-9a4c-e4ebbd72b4fe	GET	/users	undefined
20240916	06:36:27	f1617852-b310-44ce-8cd7-e931bd6ad7bc	GET	/users	undefined
20240916	06:38:51	56a15cec-b21b-4356-a6c1-ddfcd537f958	GET	/users	undefined
20240916	06:40:42	150636c9-d8f4-496d-b171-fc2348b05b6e	GET	/users	undefined
